# JRE version: OpenJDK Runtime Environment Temurin-17.0.4+8 (17.0.4+8) (build 17.0.4+8)
# Java VM: OpenJDK 64-Bit Server VM Temurin-17.0.4+8 (17.0.4+8, mixed mode, emulated-client, tiered, compressed oops, compressed class ptrs, g1 gc, windows-amd64)
GC Precious Log:
 CPUs: 4 total, 4 available
 Memory: 4011M
 Large Page Support: Disabled
 NUMA Support: Disabled
 Compressed Oops: Enabled (32-bit)
 Heap Region Size: 1M
 Heap Min Capacity: 8M
 Heap Initial Capacity: 64M
 Heap Max Capacity: 1004M
 Pre-touch: Disabled
 Parallel Workers: 4
 Concurrent Workers: 1
 Concurrent Refinement Workers: 4
 Periodic GC: Disabled
Heap:
 garbage-first heap   total 116736K, used 57935K [0x00000000c1400000, 0x0000000100000000)
  region size 1024K, 4 young (4096K), 4 survivors (4096K)
 Metaspace       used 70064K, committed 70464K, reserved 1114112K
  class space    used 9512K, committed 9728K, reserved 1048576K
GC Heap History (20 events):
Event: 18.753 GC heap after
{Heap after GC invocations=23 (full 0):
 garbage-first heap   total 65536K, used 33343K [0x00000000c1400000, 0x0000000100000000)
  region size 1024K, 3 young (3072K), 3 survivors (3072K)
 Metaspace       used 68188K, committed 68608K, reserved 1114112K
  class space    used 9255K, committed 9472K, reserved 1048576K
}
Event: 19.459 GC heap before
{Heap before GC invocations=24 (full 0):
 garbage-first heap   total 65536K, used 49727K [0x00000000c1400000, 0x0000000100000000)
  region size 1024K, 21 young (21504K), 3 survivors (3072K)
 Metaspace       used 69970K, committed 70336K, reserved 1114112K
  class space    used 9499K, committed 9664K, reserved 1048576K
}
Event: 19.471 GC heap after
{Heap after GC invocations=25 (full 0):
 garbage-first heap   total 65536K, used 35865K [0x00000000c1400000, 0x0000000100000000)
  region size 1024K, 3 young (3072K), 3 survivors (3072K)
 Metaspace       used 69970K, committed 70336K, reserved 1114112K
  class space    used 9499K, committed 9664K, reserved 1048576K
}
Event: 19.603 GC heap before
{Heap before GC invocations=25 (full 0):
 garbage-first heap   total 65536K, used 51225K [0x00000000c1400000, 0x0000000100000000)
  region size 1024K, 18 young (18432K), 3 survivors (3072K)
 Metaspace       used 69970K, committed 70336K, reserved 1114112K
  class space    used 9499K, committed 9664K, reserved 1048576K
}
Event: 19.614 GC heap after
{Heap after GC invocations=26 (full 0):
 garbage-first heap   total 65536K, used 40664K [0x00000000c1400000, 0x0000000100000000)
  region size 1024K, 3 young (3072K), 3 survivors (3072K)
 Metaspace       used 69970K, committed 70336K, reserved 1114112K
  class space    used 9499K, committed 9664K, reserved 1048576K
}
Event: 19.743 GC heap before
{Heap before GC invocations=27 (full 0):
 garbage-first heap   total 71680K, used 50904K [0x00000000c1400000, 0x0000000100000000)
  region size 1024K, 14 young (14336K), 3 survivors (3072K)
 Metaspace       used 69970K, committed 70336K, reserved 1114112K
  class space    used 9499K, committed 9664K, reserved 1048576K
}
Event: 19.749 GC heap after
{Heap after GC invocations=28 (full 0):
 garbage-first heap   total 71680K, used 43317K [0x00000000c1400000, 0x0000000100000000)
  region size 1024K, 2 young (2048K), 2 survivors (2048K)
 Metaspace       used 69970K, committed 70336K, reserved 1114112K
  class space    used 9499K, committed 9664K, reserved 1048576K
}
Event: 19.761 GC heap before
{Heap before GC invocations=28 (full 0):
 garbage-first heap   total 71680K, used 45365K [0x00000000c1400000, 0x0000000100000000)
  region size 1024K, 5 young (5120K), 2 survivors (2048K)
 Metaspace       used 69970K, committed 70336K, reserved 1114112K
  class space    used 9499K, committed 9664K, reserved 1048576K
}
Event: 19.765 GC heap after
{Heap after GC invocations=29 (full 0):
 garbage-first heap   total 94208K, used 44445K [0x00000000c1400000, 0x0000000100000000)
  region size 1024K, 1 young (1024K), 1 survivors (1024K)
 Metaspace       used 69970K, committed 70336K, reserved 1114112K
  class space    used 9499K, committed 9664K, reserved 1048576K
}
Event: 20.026 GC heap before
{Heap before GC invocations=30 (full 0):
 garbage-first heap   total 96256K, used 69021K [0x00000000c1400000, 0x0000000100000000)
  region size 1024K, 25 young (25600K), 1 survivors (1024K)
 Metaspace       used 70063K, committed 70464K, reserved 1114112K
  class space    used 9512K, committed 9728K, reserved 1048576K
}
Event: 20.038 GC heap after
{Heap after GC invocations=31 (full 0):
 garbage-first heap   total 96256K, used 50903K [0x00000000c1400000, 0x0000000100000000)
  region size 1024K, 4 young (4096K), 4 survivors (4096K)
 Metaspace       used 70063K, committed 70464K, reserved 1114112K
  class space    used 9512K, committed 9728K, reserved 1048576K
}
Event: 20.043 GC heap before
{Heap before GC invocations=31 (full 0):
 garbage-first heap   total 96256K, used 51927K [0x00000000c1400000, 0x0000000100000000)
  region size 1024K, 5 young (5120K), 4 survivors (4096K)
 Metaspace       used 70063K, committed 70464K, reserved 1114112K
  class space    used 9512K, committed 9728K, reserved 1048576K
}
Event: 20.049 GC heap after
{Heap after GC invocations=32 (full 0):
 garbage-first heap   total 96256K, used 51855K [0x00000000c1400000, 0x0000000100000000)
  region size 1024K, 1 young (1024K), 1 survivors (1024K)
 Metaspace       used 70063K, committed 70464K, reserved 1114112K
  class space    used 9512K, committed 9728K, reserved 1048576K
}
Event: 20.117 GC heap before
{Heap before GC invocations=32 (full 0):
 garbage-first heap   total 96256K, used 62095K [0x00000000c1400000, 0x0000000100000000)
  region size 1024K, 13 young (13312K), 1 survivors (1024K)
 Metaspace       used 70063K, committed 70464K, reserved 1114112K
  class space    used 9512K, committed 9728K, reserved 1048576K
}
Event: 20.121 GC heap after
{Heap after GC invocations=33 (full 0):
 garbage-first heap   total 96256K, used 54051K [0x00000000c1400000, 0x0000000100000000)
  region size 1024K, 3 young (3072K), 3 survivors (3072K)
 Metaspace       used 70063K, committed 70464K, reserved 1114112K
  class space    used 9512K, committed 9728K, reserved 1048576K
}
Event: 20.389 GC heap before
{Heap before GC invocations=34 (full 0):
 garbage-first heap   total 116736K, used 70435K [0x00000000c1400000, 0x0000000100000000)
  region size 1024K, 22 young (22528K), 3 survivors (3072K)
 Metaspace       used 70063K, committed 70464K, reserved 1114112K
  class space    used 9512K, committed 9728K, reserved 1048576K
}
Event: 20.403 GC heap after
{Heap after GC invocations=35 (full 0):
 garbage-first heap   total 116736K, used 56875K [0x00000000c1400000, 0x0000000100000000)
  region size 1024K, 3 young (3072K), 3 survivors (3072K)
 Metaspace       used 70063K, committed 70464K, reserved 1114112K
  class space    used 9512K, committed 9728K, reserved 1048576K
}
Event: 20.410 GC heap before
{Heap before GC invocations=35 (full 0):
 garbage-first heap   total 116736K, used 59947K [0x00000000c1400000, 0x0000000100000000)
  region size 1024K, 5 young (5120K), 3 survivors (3072K)
 Metaspace       used 70063K, committed 70464K, reserved 1114112K
  class space    used 9512K, committed 9728K, reserved 1048576K
}
Event: 20.419 GC heap after
{Heap after GC invocations=36 (full 0):
 garbage-first heap   total 116736K, used 51693K [0x00000000c1400000, 0x0000000100000000)
  region size 1024K, 1 young (1024K), 1 survivors (1024K)
 Metaspace       used 70063K, committed 70464K, reserved 1114112K
  class space    used 9512K, committed 9728K, reserved 1048576K
}
Event: 20.660 GC heap before
{Heap before GC invocations=36 (full 0):
 garbage-first heap   total 116736K, used 82413K [0x00000000c1400000, 0x0000000100000000)
  region size 1024K, 32 young (32768K), 1 survivors (1024K)
 Metaspace       used 70064K, committed 70464K, reserved 1114112K
  class space    used 9512K, committed 9728K, reserved 1048576K
}

